<?xml version="1.0" encoding="UTF-8"?>
<!-- Generated by org.testng.reporters.JUnitXMLReporter -->
<testsuite hostname="Ildars-MacBook-Pro.local" ignored="1" name="Command line test" tests="1" failures="0" timestamp="2023-04-12T00:47:56 PDT" time="0.038" errors="0">
  <testcase name="testng" time="0.004" classname="uk.co.automationtesting.mavenproject.L08_Profile"/>
  <testcase name="example" time="0.0" classname="uk.co.automationtesting.mavenproject.L08_Profile">
    <ignored/>
  </testcase> <!-- example -->
</testsuite> <!-- Command line test -->
