<?xml version="1.0" encoding="UTF-8"?>
<!-- Generated by org.testng.reporters.JUnitXMLReporter -->
<testsuite hostname="Ildars-MacBook-Pro.local" ignored="0" name="Command line test" tests="2" failures="0" timestamp="2023-04-12T00:37:21 PDT" time="0.04" errors="0">
  <testcase name="testng" time="0.004" classname="uk.co.automationtesting.mavenproject.L08_Profile"/>
  <testcase name="testng" time="0.0" classname="uk.co.automationtesting.mavenproject.L07_Surefire"/>
</testsuite> <!-- Command line test -->
