<?xml version="1.0" encoding="UTF-8"?>
<testng-results skipped="0" failed="0" ignored="1" total="2" passed="1">
  <reporter-output>
  </reporter-output>
  <suite name="uk.co.automationtesting.mavenproject.L08_Profile" duration-ms="38" started-at="2023-04-12T00:47:56 PDT" finished-at="2023-04-12T00:47:56 PDT">
    <groups>
    </groups>
    <test name="Command line test" duration-ms="38" started-at="2023-04-12T00:47:56 PDT" finished-at="2023-04-12T00:47:56 PDT">
      <class name="uk.co.automationtesting.mavenproject.L08_Profile">
        <test-method status="PASS" signature="testng()[pri:0, instance:uk.co.automationtesting.mavenproject.L08_Profile@5a8e6209]" name="testng" duration-ms="4" started-at="2023-04-12T00:47:56 PDT" finished-at="2023-04-12T00:47:56 PDT">
          <reporter-output>
          </reporter-output>
        </test-method> <!-- testng -->
      </class> <!-- uk.co.automationtesting.mavenproject.L08_Profile -->
    </test> <!-- Command line test -->
  </suite> <!-- uk.co.automationtesting.mavenproject.L08_Profile -->
</testng-results>
